<?xml version="1.0" encoding="UTF-8"?>
<!-- Generated by org.testng.reporters.JUnitReportReporter -->
<testsuite hostname="LIN25007197" failures="0" tests="1" name="testCases.Page2" time="0.541" errors="0" timestamp="2023-08-01T01:42:06 IST" skipped="0">
  <testcase classname="testCases.Page2" name="test2" time="0.541"/>
  <system-out/>
</testsuite> <!-- testCases.Page2 -->
