<?xml version="1.0" encoding="UTF-8"?>
<!-- Generated by org.testng.reporters.JUnitReportReporter -->
<testsuite hostname="LIN25007197" failures="0" tests="1" name="testCases.Page3" time="0.005" errors="0" timestamp="2023-08-01T00:23:03 IST" skipped="0">
  <testcase classname="testCases.Page3" name="test3" time="0.005"/>
  <system-out/>
</testsuite> <!-- testCases.Page3 -->
